{"/Users/rabia/Desktop/Assessment/StarShipApp/src/App.jsx": {"path":"/Users/rabia/Desktop/Assessment/StarShipApp/src/App.jsx","statementMap":{"0":{"start":{"line":13,"column":12},"end":{"line":76,"column":1}},"1":{"start":{"line":14,"column":36},"end":{"line":14,"column":48}},"2":{"start":{"line":15,"column":40},"end":{"line":15,"column":51}},"3":{"start":{"line":16,"column":32},"end":{"line":16,"column":46}},"4":{"start":{"line":19,"column":2},"end":{"line":28,"column":20}},"5":{"start":{"line":20,"column":27},"end":{"line":26,"column":5}},"6":{"start":{"line":21,"column":6},"end":{"line":21,"column":23}},"7":{"start":{"line":22,"column":23},"end":{"line":22,"column":90}},"8":{"start":{"line":23,"column":19},"end":{"line":23,"column":40}},"9":{"start":{"line":24,"column":6},"end":{"line":24,"column":39}},"10":{"start":{"line":25,"column":6},"end":{"line":25,"column":24}},"11":{"start":{"line":27,"column":4},"end":{"line":27,"column":21}},"12":{"start":{"line":30,"column":25},"end":{"line":30,"column":65}},"13":{"start":{"line":30,"column":31},"end":{"line":30,"column":65}},"14":{"start":{"line":30,"column":56},"end":{"line":30,"column":64}},"15":{"start":{"line":31,"column":25},"end":{"line":31,"column":78}},"16":{"start":{"line":31,"column":31},"end":{"line":31,"column":78}},"17":{"start":{"line":31,"column":56},"end":{"line":31,"column":77}},"18":{"start":{"line":33,"column":2},"end":{"line":75,"column":4}},"19":{"start":{"line":47,"column":14},"end":{"line":53,"column":16}}},"fnMap":{"0":{"name":"(anonymous_0)","decl":{"start":{"line":13,"column":12},"end":{"line":13,"column":13}},"loc":{"start":{"line":13,"column":18},"end":{"line":76,"column":1}},"line":13},"1":{"name":"(anonymous_1)","decl":{"start":{"line":19,"column":12},"end":{"line":19,"column":13}},"loc":{"start":{"line":19,"column":18},"end":{"line":28,"column":3}},"line":19},"2":{"name":"(anonymous_2)","decl":{"start":{"line":20,"column":27},"end":{"line":20,"column":28}},"loc":{"start":{"line":20,"column":39},"end":{"line":26,"column":5}},"line":20},"3":{"name":"(anonymous_3)","decl":{"start":{"line":30,"column":25},"end":{"line":30,"column":26}},"loc":{"start":{"line":30,"column":31},"end":{"line":30,"column":65}},"line":30},"4":{"name":"(anonymous_4)","decl":{"start":{"line":30,"column":46},"end":{"line":30,"column":47}},"loc":{"start":{"line":30,"column":56},"end":{"line":30,"column":64}},"line":30},"5":{"name":"(anonymous_5)","decl":{"start":{"line":31,"column":25},"end":{"line":31,"column":26}},"loc":{"start":{"line":31,"column":31},"end":{"line":31,"column":78}},"line":31},"6":{"name":"(anonymous_6)","decl":{"start":{"line":31,"column":46},"end":{"line":31,"column":47}},"loc":{"start":{"line":31,"column":56},"end":{"line":31,"column":77}},"line":31},"7":{"name":"(anonymous_7)","decl":{"start":{"line":45,"column":27},"end":{"line":45,"column":28}},"loc":{"start":{"line":47,"column":14},"end":{"line":53,"column":16}},"line":47}},"branchMap":{"0":{"loc":{"start":{"line":24,"column":19},"end":{"line":24,"column":37}},"type":"binary-expr","locations":[{"start":{"line":24,"column":19},"end":{"line":24,"column":31}},{"start":{"line":24,"column":35},"end":{"line":24,"column":37}}],"line":24},"1":{"loc":{"start":{"line":41,"column":9},"end":{"line":56,"column":9}},"type":"cond-expr","locations":[{"start":{"line":42,"column":10},"end":{"line":42,"column":37}},{"start":{"line":44,"column":10},"end":{"line":55,"column":16}}],"line":41}},"s":{"0":0,"1":0,"2":0,"3":0,"4":0,"5":0,"6":0,"7":0,"8":0,"9":0,"10":0,"11":0,"12":0,"13":0,"14":0,"15":0,"16":0,"17":0,"18":0,"19":0},"f":{"0":0,"1":0,"2":0,"3":0,"4":0,"5":0,"6":0,"7":0},"b":{"0":[0,0],"1":[0,0]}}
,"/Users/rabia/Desktop/Assessment/StarShipApp/src/main.jsx": {"path":"/Users/rabia/Desktop/Assessment/StarShipApp/src/main.jsx","statementMap":{"0":{"start":{"line":6,"column":0},"end":{"line":10,"column":1}}},"fnMap":{},"branchMap":{},"s":{"0":0},"f":{},"b":{}}
,"/Users/rabia/Desktop/Assessment/StarShipApp/src/components/Navbar.jsx": {"path":"/Users/rabia/Desktop/Assessment/StarShipApp/src/components/Navbar.jsx","statementMap":{"0":{"start":{"line":6,"column":15},"end":{"line":73,"column":1}},"1":{"start":{"line":7,"column":22},"end":{"line":7,"column":70}},"2":{"start":{"line":7,"column":45},"end":{"line":7,"column":69}},"3":{"start":{"line":9,"column":48},"end":{"line":9,"column":63}},"4":{"start":{"line":11,"column":27},"end":{"line":13,"column":3}},"5":{"start":{"line":12,"column":4},"end":{"line":12,"column":41}},"6":{"start":{"line":15,"column":2},"end":{"line":72,"column":4}},"7":{"start":{"line":35,"column":58},"end":{"line":35,"column":82}},"8":{"start":{"line":38,"column":58},"end":{"line":38,"column":89}}},"fnMap":{"0":{"name":"(anonymous_0)","decl":{"start":{"line":6,"column":15},"end":{"line":6,"column":16}},"loc":{"start":{"line":6,"column":21},"end":{"line":73,"column":1}},"line":6},"1":{"name":"(anonymous_1)","decl":{"start":{"line":7,"column":34},"end":{"line":7,"column":35}},"loc":{"start":{"line":7,"column":45},"end":{"line":7,"column":69}},"line":7},"2":{"name":"(anonymous_2)","decl":{"start":{"line":11,"column":27},"end":{"line":11,"column":28}},"loc":{"start":{"line":11,"column":33},"end":{"line":13,"column":3}},"line":11},"3":{"name":"(anonymous_3)","decl":{"start":{"line":35,"column":52},"end":{"line":35,"column":53}},"loc":{"start":{"line":35,"column":58},"end":{"line":35,"column":82}},"line":35},"4":{"name":"(anonymous_4)","decl":{"start":{"line":38,"column":52},"end":{"line":38,"column":53}},"loc":{"start":{"line":38,"column":58},"end":{"line":38,"column":89}},"line":38}},"branchMap":{"0":{"loc":{"start":{"line":52,"column":7},"end":{"line":70,"column":7}},"type":"binary-expr","locations":[{"start":{"line":52,"column":7},"end":{"line":52,"column":23}},{"start":{"line":53,"column":8},"end":{"line":69,"column":14}}],"line":52}},"s":{"0":0,"1":0,"2":0,"3":0,"4":0,"5":0,"6":0,"7":0,"8":0},"f":{"0":0,"1":0,"2":0,"3":0,"4":0},"b":{"0":[0,0]}}
,"/Users/rabia/Desktop/Assessment/StarShipApp/src/components/ProductCard.jsx": {"path":"/Users/rabia/Desktop/Assessment/StarShipApp/src/components/ProductCard.jsx","statementMap":{"0":{"start":{"line":7,"column":20},"end":{"line":57,"column":1}},"1":{"start":{"line":8,"column":34},"end":{"line":8,"column":45}},"2":{"start":{"line":9,"column":19},"end":{"line":9,"column":32}},"3":{"start":{"line":11,"column":26},"end":{"line":23,"column":3}},"4":{"start":{"line":12,"column":4},"end":{"line":12,"column":48}},"5":{"start":{"line":13,"column":4},"end":{"line":22,"column":7}},"6":{"start":{"line":25,"column":2},"end":{"line":56,"column":4}},"7":{"start":{"line":42,"column":27},"end":{"line":42,"column":62}}},"fnMap":{"0":{"name":"(anonymous_0)","decl":{"start":{"line":7,"column":20},"end":{"line":7,"column":21}},"loc":{"start":{"line":7,"column":65},"end":{"line":57,"column":1}},"line":7},"1":{"name":"(anonymous_1)","decl":{"start":{"line":11,"column":26},"end":{"line":11,"column":27}},"loc":{"start":{"line":11,"column":32},"end":{"line":23,"column":3}},"line":11},"2":{"name":"(anonymous_2)","decl":{"start":{"line":42,"column":20},"end":{"line":42,"column":21}},"loc":{"start":{"line":42,"column":27},"end":{"line":42,"column":62}},"line":42}},"branchMap":{"0":{"loc":{"start":{"line":33,"column":20},"end":{"line":33,"column":70}},"type":"cond-expr","locations":[{"start":{"line":33,"column":41},"end":{"line":33,"column":50}},{"start":{"line":33,"column":53},"end":{"line":33,"column":70}}],"line":33}},"s":{"0":1,"1":5,"2":5,"3":5,"4":2,"5":2,"6":5,"7":1},"f":{"0":5,"1":2,"2":1},"b":{"0":[0,5]},"_coverageSchema":"1a1c01bbd47fc00a2c39e90264f33305004495a9","hash":"5013013be9a5c4384538ee9e3eb44bed1f3d4c96"}
,"/Users/rabia/Desktop/Assessment/StarShipApp/src/redux/cartSlice.js": {"path":"/Users/rabia/Desktop/Assessment/StarShipApp/src/redux/cartSlice.js","statementMap":{"0":{"start":{"line":2,"column":19},"end":{"line":6,"column":1}},"1":{"start":{"line":7,"column":18},"end":{"line":35,"column":2}},"2":{"start":{"line":12,"column":33},"end":{"line":12,"column":86}},"3":{"start":{"line":12,"column":56},"end":{"line":12,"column":85}},"4":{"start":{"line":13,"column":12},"end":{"line":17,"column":13}},"5":{"start":{"line":14,"column":16},"end":{"line":14,"column":64}},"6":{"start":{"line":16,"column":16},"end":{"line":16,"column":86}},"7":{"start":{"line":18,"column":12},"end":{"line":18,"column":58}},"8":{"start":{"line":21,"column":30},"end":{"line":21,"column":88}},"9":{"start":{"line":21,"column":58},"end":{"line":21,"column":87}},"10":{"start":{"line":22,"column":12},"end":{"line":25,"column":13}},"11":{"start":{"line":23,"column":16},"end":{"line":23,"column":69}},"12":{"start":{"line":24,"column":16},"end":{"line":24,"column":47}},"13":{"start":{"line":28,"column":33},"end":{"line":28,"column":86}},"14":{"start":{"line":28,"column":56},"end":{"line":28,"column":85}},"15":{"start":{"line":29,"column":12},"end":{"line":32,"column":15}},"16":{"start":{"line":30,"column":16},"end":{"line":30,"column":61}},"17":{"start":{"line":31,"column":16},"end":{"line":31,"column":63}},"18":{"start":{"line":36,"column":56},"end":{"line":36,"column":73}}},"fnMap":{"0":{"name":"(anonymous_0)","decl":{"start":{"line":11,"column":19},"end":{"line":11,"column":20}},"loc":{"start":{"line":11,"column":35},"end":{"line":19,"column":9}},"line":11},"1":{"name":"(anonymous_1)","decl":{"start":{"line":12,"column":50},"end":{"line":12,"column":51}},"loc":{"start":{"line":12,"column":56},"end":{"line":12,"column":85}},"line":12},"2":{"name":"(anonymous_2)","decl":{"start":{"line":20,"column":23},"end":{"line":20,"column":24}},"loc":{"start":{"line":20,"column":39},"end":{"line":26,"column":9}},"line":20},"3":{"name":"(anonymous_3)","decl":{"start":{"line":21,"column":52},"end":{"line":21,"column":53}},"loc":{"start":{"line":21,"column":58},"end":{"line":21,"column":87}},"line":21},"4":{"name":"(anonymous_4)","decl":{"start":{"line":27,"column":24},"end":{"line":27,"column":25}},"loc":{"start":{"line":27,"column":40},"end":{"line":33,"column":9}},"line":27},"5":{"name":"(anonymous_5)","decl":{"start":{"line":28,"column":50},"end":{"line":28,"column":51}},"loc":{"start":{"line":28,"column":56},"end":{"line":28,"column":85}},"line":28}},"branchMap":{"0":{"loc":{"start":{"line":13,"column":12},"end":{"line":17,"column":13}},"type":"if","locations":[{"start":{"line":13,"column":12},"end":{"line":17,"column":13}},{"start":{"line":15,"column":17},"end":{"line":17,"column":13}}],"line":13},"1":{"loc":{"start":{"line":22,"column":12},"end":{"line":25,"column":13}},"type":"if","locations":[{"start":{"line":22,"column":12},"end":{"line":25,"column":13}},{"start":{},"end":{}}],"line":22},"2":{"loc":{"start":{"line":29,"column":12},"end":{"line":32,"column":15}},"type":"if","locations":[{"start":{"line":29,"column":12},"end":{"line":32,"column":15}},{"start":{},"end":{}}],"line":29}},"s":{"0":2,"1":2,"2":1,"3":0,"4":1,"5":0,"6":1,"7":1,"8":0,"9":0,"10":0,"11":0,"12":0,"13":0,"14":0,"15":0,"16":0,"17":0,"18":2},"f":{"0":1,"1":0,"2":0,"3":0,"4":0,"5":0},"b":{"0":[0,1],"1":[0,0],"2":[0,0]},"_coverageSchema":"1a1c01bbd47fc00a2c39e90264f33305004495a9","hash":"f253b4afee66288d20a7af2ab0089badff5957b3"}
,"/Users/rabia/Desktop/Assessment/StarShipApp/src/redux/store.js": {"path":"/Users/rabia/Desktop/Assessment/StarShipApp/src/redux/store.js","statementMap":{"0":{"start":{"line":4,"column":21},"end":{"line":9,"column":2}}},"fnMap":{},"branchMap":{},"s":{"0":0},"f":{},"b":{}}
}
